C51 COMPILER V9.60.0.0   KEY                                                               08/28/2021 22:26:07 PAGE 1   


C51 COMPILER V9.60.0.0, COMPILATION OF MODULE KEY
OBJECT MODULE PLACED IN .\Objects\key.obj
COMPILER INVOKED BY: E:\Keil_v5\C51\BIN\C51.EXE key\key.c OPTIMIZE(8,SPEED) BROWSE INCDIR(.\nrf24l01;.\key) DEBUG OBJECT
                    -EXTEND PRINT(.\Listings\key.lst) TABS(2) OBJECT(.\Objects\key.obj)

line level    source

*** WARNING C500 IN LINE 1 OF key\key.c: LICENSE ERROR (R207(3): REGISTRY READ ERROR)

   1          #include "key.h"
   2          
   3          typedef enum 
   4          {
   5            SIGNAL_BACK_UP        = 0x01,       //Ì§±³
   6            SIGNAL_BACK_DOWN      = 0x02,       //½µ±³
   7            SIGNAL_FOOT_UP        = 0x03,       //Ì§ÍÈ
   8            SIGNAL_FOOT_DOWN      = 0x04,       //½µÍÈ
   9            SIGNAL_ROTATE_CHAIR   = 0x05,       //²à×øÏÂ´²£¬Ðý×ª³ÉÒÎ
  10            SIGNAL_ROTATE_BED     = 0x06,       //ÉÏ´²Æ½ÌÉ
  11            SIGNAL_PART_MOVE      = 0x07,       //·ÖÀëÒÆ¶¯
  12            SIGNAL_RESET          = 0x08,       //Ò»¼üÆ½ÌÉ            
  13          } receive_signal_t;
  14          
  15          sbit KEY1 = P2^0;
  16          sbit KEY2 = P2^1;
  17          sbit KEY3 = P2^2;
  18          sbit KEY4 = P2^3;
  19          sbit KEY5 = P2^4;
  20          sbit KEY6 = P2^5;
  21          sbit KEY7 = P2^6;
  22          sbit KEY8 = P2^7;
  23          sbit KEY9 = P1^6;
  24          sbit KEY10 = P1^7;
  25          
  26          void key_delay(uint8_t t)
  27          {
  28   1         uint8_t x,y;
  29   1         for(x=t;x>0;x--)
  30   1         {
  31   2          for(y=110;y>0;y--);
  32   2         }
  33   1      }
  34          
  35          uint8_t key_scan(uint8_t mode)
  36          {
  37   1        static uchar key_up = 1;
  38   1        
  39   1        if(mode == 1) key_up = 1;
  40   1        P2 = 0xFF;
  41   1        if(key_up && P2 != 0xFF) {
  42   2          key_delay(20);
  43   2          key_up = 0;
  44   2          if(KEY1 == 0) return SIGNAL_BACK_UP;
  45   2          if(KEY2 == 0) return SIGNAL_BACK_DOWN;
  46   2          if(KEY3 == 0) return SIGNAL_FOOT_UP;
  47   2          if(KEY4 == 0) return SIGNAL_FOOT_DOWN;
  48   2          if(KEY5 == 0) return SIGNAL_ROTATE_CHAIR;
  49   2          if(KEY6 == 0) return SIGNAL_ROTATE_BED;
  50   2          if(KEY7 == 0) return SIGNAL_PART_MOVE;
  51   2          if(KEY8 == 0) return SIGNAL_RESET;
  52   2        }
  53   1        
C51 COMPILER V9.60.0.0   KEY                                                               08/28/2021 22:26:07 PAGE 2   

  54   1        return 0xff;
  55   1      }


MODULE INFORMATION:   STATIC OVERLAYABLE
   CODE SIZE        =    109    ----
   CONSTANT SIZE    =   ----    ----
   XDATA SIZE       =   ----    ----
   PDATA SIZE       =   ----    ----
   DATA SIZE        =      1    ----
   IDATA SIZE       =   ----    ----
   BIT SIZE         =   ----    ----
END OF MODULE INFORMATION.


C51 COMPILATION COMPLETE.  1 WARNING(S),  0 ERROR(S)
